[2023-09-14 20:32:52] [ ERROR] [GlobalExceptionsHandler:22] El odontólogo no existe
[2023-09-14 20:32:52] [ ERROR] [GlobalExceptionsHandler:22] No se encontró el odontólogo con nombre Pichon
[2023-09-14 20:32:53] [ ERROR] [GlobalExceptionsHandler:16] El nombre no puede ser vacio
[2023-09-14 20:32:53] [ ERROR] [GlobalExceptionsHandler:22] El odontólogo no existe
[2023-09-14 20:32:53] [ ERROR] [GlobalExceptionsHandler:22] No se encontró el odontólogo con id 999
[2023-09-14 20:32:53] [ ERROR] [GlobalExceptionsHandler:22] El paciente no existe
[2023-09-14 20:32:53] [ ERROR] [GlobalExceptionsHandler:22] El paciente no existe
[2023-09-14 20:32:53] [ ERROR] [GlobalExceptionsHandler:22] No se encontró el paciente con id 999
[2023-09-14 20:32:54] [ ERROR] [GlobalExceptionsHandler:22] El turno no existe
[2023-09-14 20:32:54] [ ERROR] [GlobalExceptionsHandler:22] No se encontró el turno con id 999
[2023-09-14 20:32:54] [ ERROR] [GlobalExceptionsHandler:16] El el odontólogo ya tienen un turno en ese horario
[2023-09-14 20:32:54] [ ERROR] [GlobalExceptionsHandler:22] No se encontró el turno con id 999
[2023-09-14 20:32:54] [ ERROR] [GlobalExceptionsHandler:16] El id del paciente y el odontologo no puede ser nulo o negativo
[2023-09-14 20:40:20] [ ERROR] [GlobalExceptionsHandler:22] El odontólogo no existe
[2023-09-14 20:40:20] [ ERROR] [GlobalExceptionsHandler:22] No se encontró el odontólogo con nombre Pichon
[2023-09-14 20:40:20] [ ERROR] [GlobalExceptionsHandler:16] El nombre no puede ser vacio
[2023-09-14 20:40:20] [ ERROR] [GlobalExceptionsHandler:22] El odontólogo no existe
[2023-09-14 20:40:20] [ ERROR] [GlobalExceptionsHandler:22] No se encontró el odontólogo con id 999
[2023-09-14 20:40:21] [ ERROR] [GlobalExceptionsHandler:22] El paciente no existe
[2023-09-14 20:40:21] [ ERROR] [GlobalExceptionsHandler:22] El paciente no existe
[2023-09-14 20:40:21] [ ERROR] [GlobalExceptionsHandler:22] No se encontró el paciente con id 999
[2023-09-14 20:40:21] [ ERROR] [GlobalExceptionsHandler:22] El turno no existe
[2023-09-14 20:40:21] [ ERROR] [GlobalExceptionsHandler:22] No se encontró el turno con id 999
[2023-09-14 20:40:22] [ ERROR] [GlobalExceptionsHandler:16] El el odontólogo ya tienen un turno en ese horario
[2023-09-14 20:40:22] [ ERROR] [GlobalExceptionsHandler:22] No se encontró el turno con id 999
[2023-09-14 20:40:22] [ ERROR] [GlobalExceptionsHandler:16] El id del paciente y el odontologo no puede ser nulo o negativo
[2023-09-15 18:18:05] [ ERROR] [GlobalExceptionsHandler:22] El odontólogo no existe
[2023-09-15 18:18:05] [ ERROR] [GlobalExceptionsHandler:22] No se encontró el odontólogo con nombre Paola
[2023-09-15 18:18:05] [ ERROR] [GlobalExceptionsHandler:16] El nombre no puede ser vacio
[2023-09-15 18:18:05] [ ERROR] [GlobalExceptionsHandler:22] El odontólogo no existe
[2023-09-15 18:18:05] [ ERROR] [GlobalExceptionsHandler:22] No se encontró el odontólogo con id 999
[2023-09-15 18:19:41] [ ERROR] [GlobalExceptionsHandler:22] El paciente no existe
[2023-09-15 18:19:41] [ ERROR] [GlobalExceptionsHandler:22] El paciente no existe
[2023-09-15 18:19:41] [ ERROR] [GlobalExceptionsHandler:22] No se encontró el paciente con id 999
[2023-09-15 18:19:50] [ ERROR] [GlobalExceptionsHandler:22] El turno no existe
[2023-09-15 18:19:51] [ ERROR] [GlobalExceptionsHandler:22] No se encontró el turno con id 999
[2023-09-15 18:19:51] [ ERROR] [GlobalExceptionsHandler:16] El el odontólogo ya tienen un turno en ese horario
[2023-09-15 18:19:51] [ ERROR] [GlobalExceptionsHandler:22] No se encontró el turno con id 999
[2023-09-15 18:19:51] [ ERROR] [GlobalExceptionsHandler:16] El id del paciente y el odontologo no puede ser nulo o negativo
